====================
TIMESTAMP: 2025-04-10T21:06:08.336Z
LEVEL: INFO
MESSAGE: New socket connection
DETAILS:
  socketId: oOsQSyK0Fd8BwB6eAAAB
  transport: websocket
  ip: ::1
  userAgent: Mozilla/5.0 (Windows NT 10.0; Win64; x64) AppleWebKit/537.36 (KHTML, like Gecko) Chrome/135.0.0.0 Safari/537.36
====================

====================
TIMESTAMP: 2025-04-10T21:06:08.337Z
LEVEL: INFO
MESSAGE: User connected
DETAILS:
  socketId: oOsQSyK0Fd8BwB6eAAAB
  username: Madhav
  isIOS: undefined
====================

====================
TIMESTAMP: 2025-04-10T21:06:08.346Z
LEVEL: INFO
MESSAGE: New socket connection
DETAILS:
  socketId: Z6GuugOjwlfjqBCdAAAD
  transport: websocket
  ip: ::1
  userAgent: Mozilla/5.0 (Windows NT 10.0; Win64; x64) AppleWebKit/537.36 (KHTML, like Gecko) Chrome/135.0.0.0 Safari/537.36
====================

====================
TIMESTAMP: 2025-04-10T21:06:08.347Z
LEVEL: INFO
MESSAGE: User connected
DETAILS:
  socketId: Z6GuugOjwlfjqBCdAAAD
  username: Madhav
  isIOS: undefined
====================

====================
TIMESTAMP: 2025-04-10T21:06:17.767Z
LEVEL: INFO
MESSAGE: Socket disconnected
DETAILS:
  socketId: Z6GuugOjwlfjqBCdAAAD
  username: Madhav
  reason: transport close
  isIOS: undefined
  duration: 0s
====================

====================
TIMESTAMP: 2025-04-10T21:06:17.783Z
LEVEL: INFO
MESSAGE: Socket disconnected
DETAILS:
  socketId: oOsQSyK0Fd8BwB6eAAAB
  username: Madhav
  reason: transport close
  isIOS: undefined
  duration: 0s
====================

====================
TIMESTAMP: 2025-04-10T21:06:18.648Z
LEVEL: INFO
MESSAGE: New socket connection
DETAILS:
  socketId: ujkS3vC3cpquItZTAAAF
  transport: websocket
  ip: ::1
  userAgent: Mozilla/5.0 (Windows NT 10.0; Win64; x64) AppleWebKit/537.36 (KHTML, like Gecko) Chrome/135.0.0.0 Safari/537.36
====================

====================
TIMESTAMP: 2025-04-10T21:06:18.719Z
LEVEL: INFO
MESSAGE: User connected
DETAILS:
  socketId: ujkS3vC3cpquItZTAAAF
  username: Madhav
  isIOS: undefined
====================

====================
TIMESTAMP: 2025-04-10T21:06:19.761Z
LEVEL: INFO
MESSAGE: New socket connection
DETAILS:
  socketId: 5f8EOxeGaUgZh0ocAAAH
  transport: websocket
  ip: ::1
  userAgent: Mozilla/5.0 (Windows NT 10.0; Win64; x64) AppleWebKit/537.36 (KHTML, like Gecko) Chrome/135.0.0.0 Safari/537.36
====================

====================
TIMESTAMP: 2025-04-10T21:06:19.763Z
LEVEL: INFO
MESSAGE: User connected
DETAILS:
  socketId: 5f8EOxeGaUgZh0ocAAAH
  username: Madhav
  isIOS: undefined
====================

====================
TIMESTAMP: 2025-04-10T22:10:19.476Z
LEVEL: INFO
MESSAGE: Socket disconnected
DETAILS:
  socketId: ujkS3vC3cpquItZTAAAF
  username: Madhav
  reason: transport close
  isIOS: undefined
  duration: 0s
====================

====================
TIMESTAMP: 2025-04-10T22:10:19.649Z
LEVEL: INFO
MESSAGE: Socket disconnected
DETAILS:
  socketId: 5f8EOxeGaUgZh0ocAAAH
  username: Madhav
  reason: transport error
  isIOS: undefined
  duration: 0s
====================

====================
TIMESTAMP: 2025-04-10T22:35:21.707Z
LEVEL: INFO
MESSAGE: New socket connection
DETAILS:
  socketId: 4FYPZfom35rSI4s_AAAK
  transport: websocket
  ip: ::1
  userAgent: Mozilla/5.0 (Windows NT 10.0; Win64; x64) AppleWebKit/537.36 (KHTML, like Gecko) Chrome/135.0.0.0 Safari/537.36
====================

====================
TIMESTAMP: 2025-04-10T22:35:22.050Z
LEVEL: INFO
MESSAGE: User connected
DETAILS:
  socketId: 4FYPZfom35rSI4s_AAAK
  username: Madhav
  isIOS: undefined
====================

====================
TIMESTAMP: 2025-04-10T22:35:23.643Z
LEVEL: INFO
MESSAGE: New socket connection
DETAILS:
  socketId: rzK7DHbcE8bG5GkgAAAL
  transport: websocket
  ip: ::1
  userAgent: Mozilla/5.0 (Windows NT 10.0; Win64; x64) AppleWebKit/537.36 (KHTML, like Gecko) Chrome/135.0.0.0 Safari/537.36
====================

====================
TIMESTAMP: 2025-04-10T22:35:23.653Z
LEVEL: INFO
MESSAGE: User connected
DETAILS:
  socketId: rzK7DHbcE8bG5GkgAAAL
  username: Madhav
  isIOS: undefined
====================

====================
TIMESTAMP: 2025-04-10T22:55:54.615Z
LEVEL: INFO
MESSAGE: New socket connection
DETAILS:
  socketId: hqovnt3NAyQu7MIVAAAB
  transport: websocket
  ip: ::1
  userAgent: Mozilla/5.0 (Windows NT 10.0; Win64; x64) AppleWebKit/537.36 (KHTML, like Gecko) Chrome/135.0.0.0 Safari/537.36
====================

====================
TIMESTAMP: 2025-04-10T22:55:54.619Z
LEVEL: INFO
MESSAGE: User connected
DETAILS:
  socketId: hqovnt3NAyQu7MIVAAAB
  username: Madhav
  isIOS: undefined
====================

====================
TIMESTAMP: 2025-04-10T22:55:54.841Z
LEVEL: INFO
MESSAGE: New socket connection
DETAILS:
  socketId: KKmQmEdpwI9IREKoAAAD
  transport: websocket
  ip: ::ffff:127.0.0.1
  userAgent: Mozilla/5.0 (Windows NT 10.0; Win64; x64) AppleWebKit/537.36 (KHTML, like Gecko) Chrome/135.0.0.0 Safari/537.36
====================

====================
TIMESTAMP: 2025-04-10T22:55:54.853Z
LEVEL: INFO
MESSAGE: User connected
DETAILS:
  socketId: KKmQmEdpwI9IREKoAAAD
  username: Madhav
  isIOS: undefined
====================

====================
TIMESTAMP: 2025-04-10T22:56:17.809Z
LEVEL: INFO
MESSAGE: New socket connection
DETAILS:
  socketId: uF5i2MgkBoffDmW5AAAB
  transport: websocket
  ip: ::1
  userAgent: Mozilla/5.0 (Windows NT 10.0; Win64; x64) AppleWebKit/537.36 (KHTML, like Gecko) Chrome/135.0.0.0 Safari/537.36
====================

====================
TIMESTAMP: 2025-04-10T22:56:17.811Z
LEVEL: INFO
MESSAGE: User connected
DETAILS:
  socketId: uF5i2MgkBoffDmW5AAAB
  username: Madhav
  isIOS: undefined
====================

====================
TIMESTAMP: 2025-04-10T22:56:18.681Z
LEVEL: INFO
MESSAGE: New socket connection
DETAILS:
  socketId: uPLdE1-Zdz8MxXQkAAAD
  transport: websocket
  ip: ::1
  userAgent: Mozilla/5.0 (Windows NT 10.0; Win64; x64) AppleWebKit/537.36 (KHTML, like Gecko) Chrome/135.0.0.0 Safari/537.36
====================

====================
TIMESTAMP: 2025-04-10T22:56:18.683Z
LEVEL: INFO
MESSAGE: User connected
DETAILS:
  socketId: uPLdE1-Zdz8MxXQkAAAD
  username: Madhav
  isIOS: undefined
====================

====================
TIMESTAMP: 2025-04-10T22:56:41.518Z
LEVEL: INFO
MESSAGE: New socket connection
DETAILS:
  socketId: g0JHCb4uwxnXpBODAAAC
  transport: websocket
  ip: ::ffff:127.0.0.1
  userAgent: Mozilla/5.0 (Windows NT 10.0; Win64; x64) AppleWebKit/537.36 (KHTML, like Gecko) Chrome/135.0.0.0 Safari/537.36
====================

====================
TIMESTAMP: 2025-04-10T22:56:41.521Z
LEVEL: INFO
MESSAGE: User connected
DETAILS:
  socketId: g0JHCb4uwxnXpBODAAAC
  username: Madhav
  isIOS: undefined
====================

====================
TIMESTAMP: 2025-04-10T22:56:41.527Z
LEVEL: INFO
MESSAGE: New socket connection
DETAILS:
  socketId: r5bBJV7lgPYRHR_zAAAD
  transport: websocket
  ip: ::ffff:127.0.0.1
  userAgent: Mozilla/5.0 (Windows NT 10.0; Win64; x64) AppleWebKit/537.36 (KHTML, like Gecko) Chrome/135.0.0.0 Safari/537.36
====================

====================
TIMESTAMP: 2025-04-10T22:56:41.529Z
LEVEL: INFO
MESSAGE: User connected
DETAILS:
  socketId: r5bBJV7lgPYRHR_zAAAD
  username: Madhav
  isIOS: undefined
====================

====================
TIMESTAMP: 2025-04-10T22:56:44.041Z
LEVEL: INFO
MESSAGE: New socket connection
DETAILS:
  socketId: X_SNRKlOMm13LJu1AAAC
  transport: websocket
  ip: ::ffff:127.0.0.1
  userAgent: Mozilla/5.0 (Windows NT 10.0; Win64; x64) AppleWebKit/537.36 (KHTML, like Gecko) Chrome/135.0.0.0 Safari/537.36
====================

====================
TIMESTAMP: 2025-04-10T22:56:44.043Z
LEVEL: INFO
MESSAGE: User connected
DETAILS:
  socketId: X_SNRKlOMm13LJu1AAAC
  username: Madhav
  isIOS: undefined
====================

====================
TIMESTAMP: 2025-04-10T22:56:44.063Z
LEVEL: INFO
MESSAGE: New socket connection
DETAILS:
  socketId: zzafJMAfKqxQMyC4AAAD
  transport: websocket
  ip: ::ffff:127.0.0.1
  userAgent: Mozilla/5.0 (Windows NT 10.0; Win64; x64) AppleWebKit/537.36 (KHTML, like Gecko) Chrome/135.0.0.0 Safari/537.36
====================

====================
TIMESTAMP: 2025-04-10T22:56:44.064Z
LEVEL: INFO
MESSAGE: User connected
DETAILS:
  socketId: zzafJMAfKqxQMyC4AAAD
  username: Madhav
  isIOS: undefined
====================

====================
TIMESTAMP: 2025-04-10T22:57:43.334Z
LEVEL: INFO
MESSAGE: New socket connection
DETAILS:
  socketId: gaSsdbtawjeC6YPAAAAB
  transport: websocket
  ip: ::1
  userAgent: Mozilla/5.0 (Windows NT 10.0; Win64; x64) AppleWebKit/537.36 (KHTML, like Gecko) Chrome/135.0.0.0 Safari/537.36
====================

====================
TIMESTAMP: 2025-04-10T22:57:43.338Z
LEVEL: INFO
MESSAGE: User connected
DETAILS:
  socketId: gaSsdbtawjeC6YPAAAAB
  username: Madhav
  isIOS: undefined
====================

====================
TIMESTAMP: 2025-04-10T22:57:43.757Z
LEVEL: INFO
MESSAGE: New socket connection
DETAILS:
  socketId: SdN0STbALwdJa212AAAD
  transport: websocket
  ip: ::1
  userAgent: Mozilla/5.0 (Windows NT 10.0; Win64; x64) AppleWebKit/537.36 (KHTML, like Gecko) Chrome/135.0.0.0 Safari/537.36
====================

====================
TIMESTAMP: 2025-04-10T22:57:43.775Z
LEVEL: INFO
MESSAGE: User connected
DETAILS:
  socketId: SdN0STbALwdJa212AAAD
  username: Madhav
  isIOS: undefined
====================

====================
TIMESTAMP: 2025-04-10T22:57:47.670Z
LEVEL: INFO
MESSAGE: Socket disconnected
DETAILS:
  socketId: gaSsdbtawjeC6YPAAAAB
  username: Madhav
  reason: client namespace disconnect
  isIOS: undefined
  duration: 0s
====================

====================
TIMESTAMP: 2025-04-10T22:57:47.696Z
LEVEL: INFO
MESSAGE: New socket connection
DETAILS:
  socketId: E0pC7PJTSd9POQsVAAAF
  transport: websocket
  ip: ::1
  userAgent: Mozilla/5.0 (Windows NT 10.0; Win64; x64) AppleWebKit/537.36 (KHTML, like Gecko) Chrome/135.0.0.0 Safari/537.36
====================

====================
TIMESTAMP: 2025-04-10T22:57:47.698Z
LEVEL: INFO
MESSAGE: User connected
DETAILS:
  socketId: E0pC7PJTSd9POQsVAAAF
  username: Madhav
  isIOS: undefined
====================

====================
TIMESTAMP: 2025-04-10T23:01:52.104Z
LEVEL: INFO
MESSAGE: Socket disconnected
DETAILS:
  socketId: E0pC7PJTSd9POQsVAAAF
  username: Madhav
  reason: transport close
  isIOS: undefined
  duration: 0s
====================

====================
TIMESTAMP: 2025-04-10T23:01:52.885Z
LEVEL: INFO
MESSAGE: New socket connection
DETAILS:
  socketId: LAp1bqv-EXR0XEp1AAAH
  transport: websocket
  ip: ::1
  userAgent: Mozilla/5.0 (Windows NT 10.0; Win64; x64) AppleWebKit/537.36 (KHTML, like Gecko) Chrome/135.0.0.0 Safari/537.36
====================

====================
TIMESTAMP: 2025-04-10T23:01:52.887Z
LEVEL: INFO
MESSAGE: User connected
DETAILS:
  socketId: LAp1bqv-EXR0XEp1AAAH
  username: Madhav
  isIOS: undefined
====================

====================
TIMESTAMP: 2025-04-10T23:02:01.002Z
LEVEL: INFO
MESSAGE: Socket disconnected
DETAILS:
  socketId: SdN0STbALwdJa212AAAD
  username: Madhav
  reason: transport close
  isIOS: undefined
  duration: 0s
====================

====================
TIMESTAMP: 2025-04-10T23:02:01.895Z
LEVEL: INFO
MESSAGE: New socket connection
DETAILS:
  socketId: F0Gy5LjrIXmHJyKIAAAJ
  transport: websocket
  ip: ::1
  userAgent: Mozilla/5.0 (Windows NT 10.0; Win64; x64) AppleWebKit/537.36 (KHTML, like Gecko) Chrome/135.0.0.0 Safari/537.36
====================

====================
TIMESTAMP: 2025-04-10T23:02:01.898Z
LEVEL: INFO
MESSAGE: User connected
DETAILS:
  socketId: F0Gy5LjrIXmHJyKIAAAJ
  username: Madhav
  isIOS: undefined
====================

====================
TIMESTAMP: 2025-04-10T23:52:34.848Z
LEVEL: INFO
MESSAGE: Socket disconnected
DETAILS:
  socketId: F0Gy5LjrIXmHJyKIAAAJ
  username: Madhav
  reason: transport close
  isIOS: undefined
  duration: 0s
====================

====================
TIMESTAMP: 2025-04-11T01:34:38.922Z
LEVEL: INFO
MESSAGE: New socket connection
DETAILS:
  socketId: FgddhXEjA-i957mnAAAL
  transport: websocket
  ip: ::1
  userAgent: Mozilla/5.0 (Windows NT 10.0; Win64; x64) AppleWebKit/537.36 (KHTML, like Gecko) Chrome/135.0.0.0 Safari/537.36
====================

====================
TIMESTAMP: 2025-04-11T01:34:38.924Z
LEVEL: INFO
MESSAGE: User connected
DETAILS:
  socketId: FgddhXEjA-i957mnAAAL
  username: Madhav
  isIOS: undefined
====================

====================
TIMESTAMP: 2025-04-11T01:44:50.237Z
LEVEL: INFO
MESSAGE: Socket disconnected
DETAILS:
  socketId: LAp1bqv-EXR0XEp1AAAH
  username: Madhav
  reason: client namespace disconnect
  isIOS: undefined
  duration: 0s
====================

====================
TIMESTAMP: 2025-04-11T01:44:50.566Z
LEVEL: INFO
MESSAGE: New socket connection
DETAILS:
  socketId: pIFLuDNnbNx1ixwzAAAN
  transport: websocket
  ip: ::1
  userAgent: Mozilla/5.0 (Windows NT 10.0; Win64; x64) AppleWebKit/537.36 (KHTML, like Gecko) Chrome/135.0.0.0 Safari/537.36
====================

====================
TIMESTAMP: 2025-04-11T01:44:50.569Z
LEVEL: INFO
MESSAGE: User connected
DETAILS:
  socketId: pIFLuDNnbNx1ixwzAAAN
  username: Madhav
  isIOS: undefined
====================

====================
TIMESTAMP: 2025-04-11T02:00:54.384Z
LEVEL: INFO
MESSAGE: Socket disconnected
DETAILS:
  socketId: pIFLuDNnbNx1ixwzAAAN
  username: Madhav
  reason: client namespace disconnect
  isIOS: undefined
  duration: 0s
====================

====================
TIMESTAMP: 2025-04-11T02:00:54.699Z
LEVEL: INFO
MESSAGE: New socket connection
DETAILS:
  socketId: -Pqq9A-foyuPyxpXAAAP
  transport: websocket
  ip: ::1
  userAgent: Mozilla/5.0 (Windows NT 10.0; Win64; x64) AppleWebKit/537.36 (KHTML, like Gecko) Chrome/135.0.0.0 Safari/537.36
====================

====================
TIMESTAMP: 2025-04-11T02:00:54.701Z
LEVEL: INFO
MESSAGE: User connected
DETAILS:
  socketId: -Pqq9A-foyuPyxpXAAAP
  username: Madhav
  isIOS: undefined
====================

====================
TIMESTAMP: 2025-04-11T03:05:39.634Z
LEVEL: INFO
MESSAGE: New socket connection
DETAILS:
  socketId: 6BJOa4htFTqn_PRmAAAB
  transport: websocket
  ip: ::1
  userAgent: Mozilla/5.0 (Windows NT 10.0; Win64; x64) AppleWebKit/537.36 (KHTML, like Gecko) Chrome/135.0.0.0 Safari/537.36
====================

====================
TIMESTAMP: 2025-04-11T03:05:39.636Z
LEVEL: INFO
MESSAGE: User connected
DETAILS:
  socketId: 6BJOa4htFTqn_PRmAAAB
  username: Madhav
  isIOS: undefined
====================

====================
TIMESTAMP: 2025-04-11T03:05:39.659Z
LEVEL: INFO
MESSAGE: New socket connection
DETAILS:
  socketId: fhhM4s-8EzViFIXPAAAD
  transport: websocket
  ip: ::ffff:127.0.0.1
  userAgent: Mozilla/5.0 (Windows NT 10.0; Win64; x64) AppleWebKit/537.36 (KHTML, like Gecko) Chrome/135.0.0.0 Safari/537.36
====================

====================
TIMESTAMP: 2025-04-11T03:05:39.661Z
LEVEL: INFO
MESSAGE: User connected
DETAILS:
  socketId: fhhM4s-8EzViFIXPAAAD
  username: Madhav
  isIOS: undefined
====================

====================
TIMESTAMP: 2025-04-11T03:05:41.175Z
LEVEL: INFO
MESSAGE: Socket disconnected
DETAILS:
  socketId: fhhM4s-8EzViFIXPAAAD
  username: Madhav
  reason: transport close
  isIOS: undefined
  duration: 0s
====================

